[1;32mðŸŒ Proxy has been set up successfully![0m
[1;34mðŸš€ A new terminal window is now connected to the server.[0m
[1;33mðŸ’» Use 'svp list -p belt_road' to check the available GPUs in the belt_road cluster.[0m
[1;33mðŸ’» Use 'svp list -p s2_bigdata' to check the available GPUs in the s2_bigdata cluster.[0m
[1;36mðŸ“¦ Use 'petrelfs-ctl --getquota --uid tangzecheng' to check the available storage for the user.[0m

Quota information for storage pool Default (ID: 1):

      user/group     ||           size          ||    chunk files    
     name     |  id  ||    used    |    hard    ||  used   |  hard   
--------------|------||------------|------------||---------|---------
   tangzecheng|200002796||  776.53 GiB|    1.65 TiB||   477367|unlimited
[1;35mðŸ“‹ Use 'squeue -u tangzecheng' to check the current jobs of the user.[0m
             JOBID  VIRTUAL_PARTITION       NAME     QUOTA_TYPE     USER PHX_PRIORITY ST        TIME  NODES TOTAL_GRES NODELIST(REASON)                        
           5051242         s2_bigdata reasoning_       reserved tangzech       normal  R        0:00      1      gpu:1 SH-IDC1-10-140-24-27                    
           5051241         s2_bigdata reasoning_       reserved tangzech       normal  R        0:12      1      gpu:1 SH-IDC1-10-140-24-27                    
           5051240         s2_bigdata reasoning_       reserved tangzech       normal  R        0:20      1      gpu:1 SH-IDC1-10-140-24-136                   
           5051238         s2_bigdata reasoning_       reserved tangzech       normal  R        1:46      1      gpu:1 SH-IDC1-10-140-24-56                    
           5049764          belt_road       bash       reserved tangzech       normal  R     8:18:14      1      gpu:0 SH-IDC1-10-140-24-130                   
           5049576          belt_road baseline_P       reserved tangzech       normal  R     9:20:11      1      gpu:8 SH-IDC1-10-140-24-72                    
           5048658          belt_road   Long_PPL       reserved tangzech       normal  R    19:42:10      1      gpu:8 SH-IDC1-10-140-24-86                    
           5048503          belt_road saliency_s       reserved tangzech       normal  R    22:37:21      1      gpu:8 SH-IDC1-10-140-24-35                    
[31mðŸ›‘ è¿œç¨‹æ¡¶æœªæŒ‚è½½ï¼Œè¯·ä½¿ç”¨ quick_mount å‘½ä»¤è¿›è¡ŒæŒ‚è½½ã€‚ [0m
ModelZipper is ready for launchðŸš€ | Current VersionðŸ¦„ >>> 0.2.7 <<< | AOE TimeðŸ•’ 2025-01-21 03:23:52
ModelZipper is ready for launchðŸš€ | Current VersionðŸ¦„ >>> 0.2.7 <<< | AOE TimeðŸ•’ 2025-01-21 03:24:01
ModelZipper is ready for launchðŸš€ | Current VersionðŸ¦„ >>> 0.2.7 <<< | AOE TimeðŸ•’ 2025-01-21 03:24:12
begin to read data from ./haystack_for_detect/reasoning_needle_new.jsonl | file size: 247.16 KB | file type: jsonl
begin to read data from ./haystack_for_detect/reasoning_needle_new.jsonl | file size: 247.16 KB | file type: jsonl
begin to read data from ./haystack_for_detect/reasoning_needle_new.jsonl | file size: 247.16 KB | file type: jsonl
